1565978562688	mozrunner::runner	INFO	Running command: "/usr/bin/firefox" "-marionette" "-foreground" "-no-remote" "-profile" "/tmp/rust_mozprofile.77U4AcC4YmRv"
1565978578113	Marionette	INFO	Listening on port 46187
1565978578217	Marionette	WARN	TLS certificate errors will be ignored for this session
JavaScript error: chrome://browser/content/content.js, line 1192: TypeError: manifestURI is null
JavaScript error: chrome://browser/content/browser.js, line 7054: TypeError: cannot use the given object as a weak map key
console.log: Accessibility service init or shutdown observer does not exist.
*** UTM:SVC TimerManager:registerTimer called after profile-before-change notification. Ignoring timer registration for id: telemetry_modules_ping
1565978689936	mozrunner::runner	INFO	Running command: "/usr/bin/firefox" "-marionette" "-foreground" "-no-remote" "-profile" "/tmp/rust_mozprofile.rgudFwa7qcZ6"
1565978698627	Marionette	INFO	Listening on port 41367
1565978698692	Marionette	WARN	TLS certificate errors will be ignored for this session
JavaScript error: chrome://browser/content/content.js, line 1192: TypeError: manifestURI is null
console.warn: LoginRecipes: getRecipes: falling back to a synchronous message for: https://web.whatsapp.com
console.error: "stylesheets actor: fetch failed for https://web.whatsapp.com/cssm_qr.dae6bf9f040edf3a923fb68c155a6eea.css, using system principal instead."
console.error: (new Error("Failed to fetch https://web.whatsapp.com/cssm_qr.dae6bf9f040edf3a923fb68c155a6eea.css. Code 2152398878.", "resource://devtools/shared/base-loader.js -> resource://devtools/shared/DevToolsUtils.js", 551))
onResponse@resource://devtools/shared/base-loader.js -> resource://devtools/shared/DevToolsUtils.js:551:23
onStopRequest@resource://gre/modules/NetUtil.jsm:126:17
console.error: "Protocol error (unknownError): Failed to fetch https://web.whatsapp.com/cssm_qr.dae6bf9f040edf3a923fb68c155a6eea.css. Code 2152398878."
console.error: "Protocol error (unknownError): Failed to fetch https://web.whatsapp.com/cssm_qr.dae6bf9f040edf3a923fb68c155a6eea.css. Code 2152398878."
console.error: "Protocol error (unknownError): Failed to fetch https://web.whatsapp.com/cssm_qr.dae6bf9f040edf3a923fb68c155a6eea.css. Code 2152398878."
console.error: "stylesheets actor: fetch failed for https://web.whatsapp.com/cssm_app.02408f31ee2656a6c9d4ab007cd8f397.css, using system principal instead."
console.error: (new Error("Failed to fetch https://web.whatsapp.com/cssm_app.02408f31ee2656a6c9d4ab007cd8f397.css. Code 2152398878.", "resource://devtools/shared/base-loader.js -> resource://devtools/shared/DevToolsUtils.js", 551))
onResponse@resource://devtools/shared/base-loader.js -> resource://devtools/shared/DevToolsUtils.js:551:23
onStopRequest@resource://gre/modules/NetUtil.jsm:126:17
console.error: "Protocol error (unknownError): Failed to fetch https://web.whatsapp.com/cssm_app.02408f31ee2656a6c9d4ab007cd8f397.css. Code 2152398878."
console.error: "Protocol error (unknownError): Failed to fetch https://web.whatsapp.com/cssm_app.02408f31ee2656a6c9d4ab007cd8f397.css. Code 2152398878."
console.error: "Protocol error (unknownError): Failed to fetch https://web.whatsapp.com/cssm_app.02408f31ee2656a6c9d4ab007cd8f397.css. Code 2152398878."
console.error: (new Error("couldn't find start of the rule", "resource://devtools/shared/base-loader.js -> resource://devtools/server/actors/styles.js", 1601))
getRuleText@resource://devtools/shared/base-loader.js -> resource://devtools/server/actors/styles.js:1601:13
getAuthoredCssText/<@resource://devtools/shared/base-loader.js -> resource://devtools/server/actors/styles.js:1262:20
console.error: "Protocol error (unknownError): couldn't find start of the rule"
console.error: "Protocol error (unknownError): couldn't find start of the rule"
console.error: (new Error("couldn't find start of the rule", "resource://devtools/shared/base-loader.js -> resource://devtools/server/actors/styles.js", 1601))
getRuleText@resource://devtools/shared/base-loader.js -> resource://devtools/server/actors/styles.js:1601:13
getAuthoredCssText/<@resource://devtools/shared/base-loader.js -> resource://devtools/server/actors/styles.js:1262:20
console.error: "Protocol error (unknownError): couldn't find start of the rule"
console.error: "Protocol error (unknownError): couldn't find start of the rule"
console.error: (new Error("couldn't find start of the rule", "resource://devtools/shared/base-loader.js -> resource://devtools/server/actors/styles.js", 1601))
getRuleText@resource://devtools/shared/base-loader.js -> resource://devtools/server/actors/styles.js:1601:13
getAuthoredCssText/<@resource://devtools/shared/base-loader.js -> resource://devtools/server/actors/styles.js:1262:20
console.error: "Protocol error (unknownError): couldn't find start of the rule"
console.error: "Protocol error (unknownError): couldn't find start of the rule"
console.error: (new Error("couldn't find start of the rule", "resource://devtools/shared/base-loader.js -> resource://devtools/server/actors/styles.js", 1601))
getRuleText@resource://devtools/shared/base-loader.js -> resource://devtools/server/actors/styles.js:1601:13
getAuthoredCssText/<@resource://devtools/shared/base-loader.js -> resource://devtools/server/actors/styles.js:1262:20
console.error: "Protocol error (unknownError): couldn't find start of the rule"
console.error: "Protocol error (unknownError): couldn't find start of the rule"
console.error: (new Error("couldn't find start of the rule", "resource://devtools/shared/base-loader.js -> resource://devtools/server/actors/styles.js", 1601))
getRuleText@resource://devtools/shared/base-loader.js -> resource://devtools/server/actors/styles.js:1601:13
getAuthoredCssText/<@resource://devtools/shared/base-loader.js -> resource://devtools/server/actors/styles.js:1262:20
console.error: "Protocol error (unknownError): couldn't find start of the rule"
console.error: "Protocol error (unknownError): couldn't find start of the rule"
console.error: (new Error("couldn't find start of the rule", "resource://devtools/shared/base-loader.js -> resource://devtools/server/actors/styles.js", 1601))
getRuleText@resource://devtools/shared/base-loader.js -> resource://devtools/server/actors/styles.js:1601:13
getAuthoredCssText/<@resource://devtools/shared/base-loader.js -> resource://devtools/server/actors/styles.js:1262:20
console.error: "Protocol error (unknownError): couldn't find start of the rule"
console.error: "Protocol error (unknownError): couldn't find start of the rule"
JavaScript error: resource://devtools/shared/base-loader.js -> resource://devtools/server/actors/highlighters/auto-refresh.js, line 201: TypeError: this.win is null
JavaScript error: resource://devtools/shared/base-loader.js -> resource://devtools/server/actors/highlighters/auto-refresh.js, line 201: TypeError: this.win is null
JavaScript error: resource://devtools/shared/base-loader.js -> resource://devtools/server/actors/highlighters/auto-refresh.js, line 201: TypeError: this.win is null
JavaScript error: resource://devtools/shared/base-loader.js -> resource://devtools/server/actors/highlighters/auto-refresh.js, line 201: TypeError: this.win is null
JavaScript error: resource://devtools/shared/base-loader.js -> resource://devtools/server/actors/highlighters/auto-refresh.js, line 201: TypeError: this.win is null
JavaScript error: resource://devtools/shared/base-loader.js -> resource://devtools/server/actors/highlighters/auto-refresh.js, line 201: TypeError: this.win is null
JavaScript error: resource://devtools/shared/base-loader.js -> resource://devtools/server/actors/highlighters/auto-refresh.js, line 201: TypeError: this.win is null
JavaScript error: resource://devtools/shared/base-loader.js -> resource://devtools/server/actors/highlighters/auto-refresh.js, line 201: TypeError: this.win is null
JavaScript error: resource://devtools/shared/base-loader.js -> resource://devtools/server/actors/highlighters/auto-refresh.js, line 201: TypeError: this.win is null
JavaScript error: resource://devtools/shared/base-loader.js -> resource://devtools/server/actors/highlighters/auto-refresh.js, line 201: TypeError: this.win is null
JavaScript error: resource://devtools/shared/base-loader.js -> resource://devtools/server/actors/highlighters/auto-refresh.js, line 201: TypeError: this.win is null
JavaScript error: resource://devtools/shared/base-loader.js -> resource://devtools/server/actors/highlighters/auto-refresh.js, line 201: TypeError: this.win is null
JavaScript error: resource://devtools/shared/base-loader.js -> resource://devtools/server/actors/highlighters/auto-refresh.js, line 201: TypeError: this.win is null
JavaScript error: resource://devtools/shared/base-loader.js -> resource://devtools/server/actors/highlighters/auto-refresh.js, line 201: TypeError: this.win is null
JavaScript error: resource://devtools/shared/base-loader.js -> resource://devtools/server/actors/highlighters/auto-refresh.js, line 201: TypeError: this.win is null
JavaScript error: resource://devtools/shared/base-loader.js -> resource://devtools/server/actors/highlighters/auto-refresh.js, line 201: TypeError: this.win is null
console.error: "stylesheets actor: fetch failed for https://web.whatsapp.com/cssm_qr.dae6bf9f040edf3a923fb68c155a6eea.css, using system principal instead."
console.error: (new Error("Failed to fetch https://web.whatsapp.com/cssm_qr.dae6bf9f040edf3a923fb68c155a6eea.css. Code 2152398878.", "resource://devtools/shared/base-loader.js -> resource://devtools/shared/DevToolsUtils.js", 551))
onResponse@resource://devtools/shared/base-loader.js -> resource://devtools/shared/DevToolsUtils.js:551:23
onStopRequest@resource://gre/modules/NetUtil.jsm:126:17
console.error: "Protocol error (unknownError): Failed to fetch https://web.whatsapp.com/cssm_qr.dae6bf9f040edf3a923fb68c155a6eea.css. Code 2152398878."
console.error: "Protocol error (unknownError): Failed to fetch https://web.whatsapp.com/cssm_qr.dae6bf9f040edf3a923fb68c155a6eea.css. Code 2152398878."
console.error: "Protocol error (unknownError): Failed to fetch https://web.whatsapp.com/cssm_qr.dae6bf9f040edf3a923fb68c155a6eea.css. Code 2152398878."
console.error: "stylesheets actor: fetch failed for https://web.whatsapp.com/cssm_app.02408f31ee2656a6c9d4ab007cd8f397.css, using system principal instead."
console.error: (new Error("Failed to fetch https://web.whatsapp.com/cssm_app.02408f31ee2656a6c9d4ab007cd8f397.css. Code 2152398878.", "resource://devtools/shared/base-loader.js -> resource://devtools/shared/DevToolsUtils.js", 551))
onResponse@resource://devtools/shared/base-loader.js -> resource://devtools/shared/DevToolsUtils.js:551:23
onStopRequest@resource://gre/modules/NetUtil.jsm:126:17
console.error: "Protocol error (unknownError): Failed to fetch https://web.whatsapp.com/cssm_app.02408f31ee2656a6c9d4ab007cd8f397.css. Code 2152398878."
console.error: "Protocol error (unknownError): Failed to fetch https://web.whatsapp.com/cssm_app.02408f31ee2656a6c9d4ab007cd8f397.css. Code 2152398878."
console.error: "Protocol error (unknownError): Failed to fetch https://web.whatsapp.com/cssm_app.02408f31ee2656a6c9d4ab007cd8f397.css. Code 2152398878."
console.error: (new Error("couldn't find start of the rule", "resource://devtools/shared/base-loader.js -> resource://devtools/server/actors/styles.js", 1601))
getRuleText@resource://devtools/shared/base-loader.js -> resource://devtools/server/actors/styles.js:1601:13
getAuthoredCssText/<@resource://devtools/shared/base-loader.js -> resource://devtools/server/actors/styles.js:1262:20
console.error: "Protocol error (unknownError): couldn't find start of the rule"
console.error: "Protocol error (unknownError): couldn't find start of the rule"
console.error: (new Error("couldn't find start of the rule", "resource://devtools/shared/base-loader.js -> resource://devtools/server/actors/styles.js", 1601))
getRuleText@resource://devtools/shared/base-loader.js -> resource://devtools/server/actors/styles.js:1601:13
getAuthoredCssText/<@resource://devtools/shared/base-loader.js -> resource://devtools/server/actors/styles.js:1262:20
console.error: "Protocol error (unknownError): couldn't find start of the rule"
console.error: "Protocol error (unknownError): couldn't find start of the rule"
console.error: (new Error("couldn't find start of the rule", "resource://devtools/shared/base-loader.js -> resource://devtools/server/actors/styles.js", 1601))
getRuleText@resource://devtools/shared/base-loader.js -> resource://devtools/server/actors/styles.js:1601:13
getAuthoredCssText/<@resource://devtools/shared/base-loader.js -> resource://devtools/server/actors/styles.js:1262:20
console.error: "Protocol error (unknownError): couldn't find start of the rule"
console.error: "Protocol error (unknownError): couldn't find start of the rule"
console.error: "Protocol error (unknownError): couldn't find start of the rule"
console.error: (new Error("couldn't find start of the rule", "resource://devtools/shared/base-loader.js -> resource://devtools/server/actors/styles.js", 1601))
getRuleText@resource://devtools/shared/base-loader.js -> resource://devtools/server/actors/styles.js:1601:13
getAuthoredCssText/<@resource://devtools/shared/base-loader.js -> resource://devtools/server/actors/styles.js:1262:20
console.error: "Protocol error (unknownError): couldn't find start of the rule"
console.error: "Protocol error (unknownError): couldn't find start of the rule"
console.error: "Protocol error (unknownError): couldn't find start of the rule"
console.error: (new Error("couldn't find start of the rule", "resource://devtools/shared/base-loader.js -> resource://devtools/server/actors/styles.js", 1601))
getRuleText@resource://devtools/shared/base-loader.js -> resource://devtools/server/actors/styles.js:1601:13
getAuthoredCssText/<@resource://devtools/shared/base-loader.js -> resource://devtools/server/actors/styles.js:1262:20
console.error: "Protocol error (unknownError): couldn't find start of the rule"
console.error: "Protocol error (unknownError): couldn't find start of the rule"
console.error: "Protocol error (unknownError): couldn't find start of the rule"
console.error: (new Error("couldn't find start of the rule", "resource://devtools/shared/base-loader.js -> resource://devtools/server/actors/styles.js", 1601))
getRuleText@resource://devtools/shared/base-loader.js -> resource://devtools/server/actors/styles.js:1601:13
getAuthoredCssText/<@resource://devtools/shared/base-loader.js -> resource://devtools/server/actors/styles.js:1262:20
console.error: "Protocol error (unknownError): couldn't find start of the rule"
console.error: "Protocol error (unknownError): couldn't find start of the rule"
console.error: "Protocol error (unknownError): couldn't find start of the rule"
console.error: (new Error("couldn't find start of the rule", "resource://devtools/shared/base-loader.js -> resource://devtools/server/actors/styles.js", 1601))
getRuleText@resource://devtools/shared/base-loader.js -> resource://devtools/server/actors/styles.js:1601:13
getAuthoredCssText/<@resource://devtools/shared/base-loader.js -> resource://devtools/server/actors/styles.js:1262:20
console.error: "Protocol error (unknownError): couldn't find start of the rule"
console.error: "Protocol error (unknownError): couldn't find start of the rule"
console.error: "Protocol error (unknownError): couldn't find start of the rule"
console.error: (new Error("couldn't find start of the rule", "resource://devtools/shared/base-loader.js -> resource://devtools/server/actors/styles.js", 1601))
getRuleText@resource://devtools/shared/base-loader.js -> resource://devtools/server/actors/styles.js:1601:13
getAuthoredCssText/<@resource://devtools/shared/base-loader.js -> resource://devtools/server/actors/styles.js:1262:20
console.error: "Protocol error (unknownError): couldn't find start of the rule"
console.error: "Protocol error (unknownError): couldn't find start of the rule"
console.error: "Protocol error (unknownError): couldn't find start of the rule"
console.error: (new Error("couldn't find start of the rule", "resource://devtools/shared/base-loader.js -> resource://devtools/server/actors/styles.js", 1601))
getRuleText@resource://devtools/shared/base-loader.js -> resource://devtools/server/actors/styles.js:1601:13
getAuthoredCssText/<@resource://devtools/shared/base-loader.js -> resource://devtools/server/actors/styles.js:1262:20
console.error: "Protocol error (unknownError): couldn't find start of the rule"
console.error: "Protocol error (unknownError): couldn't find start of the rule"
console.error: "Protocol error (unknownError): couldn't find start of the rule"
console.error: (new Error("couldn't find start of the rule", "resource://devtools/shared/base-loader.js -> resource://devtools/server/actors/styles.js", 1601))
getRuleText@resource://devtools/shared/base-loader.js -> resource://devtools/server/actors/styles.js:1601:13
getAuthoredCssText/<@resource://devtools/shared/base-loader.js -> resource://devtools/server/actors/styles.js:1262:20
console.error: "Protocol error (unknownError): couldn't find start of the rule"
console.error: "Protocol error (unknownError): couldn't find start of the rule"
console.error: "Protocol error (unknownError): couldn't find start of the rule"
console.log: Accessibility service init or shutdown observer does not exist.
1565979895878	mozrunner::runner	INFO	Running command: "/usr/bin/firefox" "-marionette" "-foreground" "-no-remote" "-profile" "/tmp/rust_mozprofile.HneqmnP7s8SJ"
1565979906283	Marionette	INFO	Listening on port 32977
1565979906344	Marionette	WARN	TLS certificate errors will be ignored for this session
JavaScript error: chrome://browser/content/content.js, line 1192: TypeError: manifestURI is null
console.log: Accessibility service init or shutdown observer does not exist.
IPDL protocol error: Handler returned error code!

###!!! [Parent][DispatchAsyncMessage] Error: PLayerTransaction::Msg_ReleaseLayer Processing error: message was deserialized, but the handler returned false (indicating failure)

IPDL protocol error: Handler returned error code!

###!!! [Parent][DispatchAsyncMessage] Error: PLayerTransaction::Msg_ReleaseLayer Processing error: message was deserialized, but the handler returned false (indicating failure)


###!!! [Child][MessageChannel] Error: (msgtype=0x2D00AF,name=PContent::Msg_ScriptError) Channel closing: too late to send/recv, messages will be lost


###!!! [Child][RunMessage] Error: Channel closing: too late to send/recv, messages will be lost


###!!! [Child][RunMessage] Error: Channel closing: too late to send/recv, messages will be lost


###!!! [Child][MessageChannel] Error: (msgtype=0x2D00AF,name=PContent::Msg_ScriptError) Channel closing: too late to send/recv, messages will be lost


###!!! [Child][RunMessage] Error: Channel closing: too late to send/recv, messages will be lost


###!!! [Child][RunMessage] Error: Channel closing: too late to send/recv, messages will be lost


###!!! [Child][MessageChannel] Error: (msgtype=0x2D00AF,name=PContent::Msg_ScriptError) Channel closing: too late to send/recv, messages will be lost


###!!! [Child][RunMessage] Error: Channel closing: too late to send/recv, messages will be lost


###!!! [Child][RunMessage] Error: Channel closing: too late to send/recv, messages will be lost


###!!! [Child][RunMessage] Error: Channel closing: too late to send/recv, messages will be lost


###!!! [Child][RunMessage] Error: Channel closing: too late to send/recv, messages will be lost


###!!! [Child][RunMessage] Error: Channel closing: too late to send/recv, messages will be lost


###!!! [Child][RunMessage] Error: Channel closing: too late to send/recv, messages will be lost


###!!! [Child][RunMessage] Error: Channel closing: too late to send/recv, messages will be lost


###!!! [Child][RunMessage] Error: Channel closing: too late to send/recv, messages will be lost


###!!! [Child][RunMessage] Error: Channel closing: too late to send/recv, messages will be lost


###!!! [Child][RunMessage] Error: Channel closing: too late to send/recv, messages will be lost


###!!! [Child][RunMessage] Error: Channel closing: too late to send/recv, messages will be lost


###!!! [Child][RunMessage] Error: Channel closing: too late to send/recv, messages will be lost


###!!! [Child][RunMessage] Error: Channel closing: too late to send/recv, messages will be lost


###!!! [Child][RunMessage] Error: Channel closing: too late to send/recv, messages will be lost


###!!! [Child][RunMessage] Error: Channel closing: too late to send/recv, messages will be lost


###!!! [Child][RunMessage] Error: Channel closing: too late to send/recv, messages will be lost


###!!! [Child][RunMessage] Error: Channel closing: too late to send/recv, messages will be lost


###!!! [Child][RunMessage] Error: Channel closing: too late to send/recv, messages will be lost


###!!! [Child][RunMessage] Error: Channel closing: too late to send/recv, messages will be lost


###!!! [Child][RunMessage] Error: Channel closing: too late to send/recv, messages will be lost


###!!! [Child][RunMessage] Error: Channel closing: too late to send/recv, messages will be lost


###!!! [Child][RunMessage] Error: Channel closing: too late to send/recv, messages will be lost


###!!! [Child][RunMessage] Error: Channel closing: too late to send/recv, messages will be lost


###!!! [Child][RunMessage] Error: Channel closing: too late to send/recv, messages will be lost


###!!! [Child][RunMessage] Error: Channel closing: too late to send/recv, messages will be lost


###!!! [Child][RunMessage] Error: Channel closing: too late to send/recv, messages will be lost


###!!! [Child][RunMessage] Error: Channel closing: too late to send/recv, messages will be lost


###!!! [Child][RunMessage] Error: Channel closing: too late to send/recv, messages will be lost


###!!! [Child][RunMessage] Error: Channel closing: too late to send/recv, messages will be lost


###!!! [Child][RunMessage] Error: Channel closing: too late to send/recv, messages will be lost


###!!! [Child][RunMessage] Error: Channel closing: too late to send/recv, messages will be lost


###!!! [Child][RunMessage] Error: Channel closing: too late to send/recv, messages will be lost


###!!! [Child][RunMessage] Error: Channel closing: too late to send/recv, messages will be lost


###!!! [Child][RunMessage] Error: Channel closing: too late to send/recv, messages will be lost


###!!! [Child][RunMessage] Error: Channel closing: too late to send/recv, messages will be lost


###!!! [Child][RunMessage] Error: Channel closing: too late to send/recv, messages will be lost


###!!! [Child][RunMessage] Error: Channel closing: too late to send/recv, messages will be lost


###!!! [Child][RunMessage] Error: Channel closing: too late to send/recv, messages will be lost


###!!! [Child][RunMessage] Error: Channel closing: too late to send/recv, messages will be lost


###!!! [Child][RunMessage] Error: Channel closing: too late to send/recv, messages will be lost


###!!! [Child][RunMessage] Error: Channel closing: too late to send/recv, messages will be lost


###!!! [Child][RunMessage] Error: Channel closing: too late to send/recv, messages will be lost


###!!! [Child][RunMessage] Error: Channel closing: too late to send/recv, messages will be lost


###!!! [Child][RunMessage] Error: Channel closing: too late to send/recv, messages will be lost


###!!! [Child][RunMessage] Error: Channel closing: too late to send/recv, messages will be lost


###!!! [Child][RunMessage] Error: Channel closing: too late to send/recv, messages will be lost


###!!! [Child][RunMessage] Error: Channel closing: too late to send/recv, messages will be lost


###!!! [Child][RunMessage] Error: Channel closing: too late to send/recv, messages will be lost


###!!! [Child][RunMessage] Error: Channel closing: too late to send/recv, messages will be lost


###!!! [Child][RunMessage] Error: Channel closing: too late to send/recv, messages will be lost


###!!! [Child][RunMessage] Error: Channel closing: too late to send/recv, messages will be lost


###!!! [Child][RunMessage] Error: Channel closing: too late to send/recv, messages will be lost


###!!! [Child][RunMessage] Error: Channel closing: too late to send/recv, messages will be lost


###!!! [Child][RunMessage] Error: Channel closing: too late to send/recv, messages will be lost


###!!! [Child][RunMessage] Error: Channel closing: too late to send/recv, messages will be lost


###!!! [Child][RunMessage] Error: Channel closing: too late to send/recv, messages will be lost


###!!! [Child][RunMessage] Error: Channel closing: too late to send/recv, messages will be lost


###!!! [Child][RunMessage] Error: Channel closing: too late to send/recv, messages will be lost


###!!! [Child][RunMessage] Error: Channel closing: too late to send/recv, messages will be lost


###!!! [Child][RunMessage] Error: Channel closing: too late to send/recv, messages will be lost


###!!! [Child][RunMessage] Error: Channel closing: too late to send/recv, messages will be lost


###!!! [Child][RunMessage] Error: Channel closing: too late to send/recv, messages will be lost

[Parent 3529, Gecko_IOThread] WARNING: pipe error (47): Connection reset by peer: file /build/firefox-esr-5uDrOt/firefox-esr-60.8.0esr/ipc/chromium/src/chrome/common/ipc_channel_posix.cc, line 342
*** UTM:SVC TimerManager:registerTimer called after profile-before-change notification. Ignoring timer registration for id: telemetry_modules_ping
1565979963887	mozrunner::runner	INFO	Running command: "/usr/bin/firefox" "-marionette" "-foreground" "-no-remote" "-profile" "/tmp/rust_mozprofile.ejXrRZev8dQZ"
1565979973047	Marionette	INFO	Listening on port 38751
1565979973138	Marionette	WARN	TLS certificate errors will be ignored for this session
JavaScript error: chrome://browser/content/content.js, line 1192: TypeError: manifestURI is null
console.log: Accessibility service init or shutdown observer does not exist.
1565980509085	mozrunner::runner	INFO	Running command: "/usr/bin/firefox" "-marionette" "-foreground" "-no-remote" "-profile" "/tmp/rust_mozprofile.pyFvyCgrxJLG"
1565980518567	Marionette	INFO	Listening on port 44471
1565980518634	Marionette	WARN	TLS certificate errors will be ignored for this session
JavaScript error: chrome://browser/content/content.js, line 1192: TypeError: manifestURI is null
console.log: Accessibility service init or shutdown observer does not exist.
*** UTM:SVC TimerManager:registerTimer called after profile-before-change notification. Ignoring timer registration for id: telemetry_modules_ping
1565980557942	mozrunner::runner	INFO	Running command: "/usr/bin/firefox" "-marionette" "-foreground" "-no-remote" "-profile" "/tmp/rust_mozprofile.2SX3hVyKvIyR"
1565980564687	Marionette	INFO	Listening on port 33065
1565980564787	Marionette	WARN	TLS certificate errors will be ignored for this session
JavaScript error: chrome://browser/content/content.js, line 1192: TypeError: manifestURI is null
console.log: Accessibility service init or shutdown observer does not exist.
[Parent 4168, Gecko_IOThread] WARNING: pipe error (47): Connection reset by peer: file /build/firefox-esr-5uDrOt/firefox-esr-60.8.0esr/ipc/chromium/src/chrome/common/ipc_channel_posix.cc, line 342
1565981025165	mozrunner::runner	INFO	Running command: "/usr/bin/firefox" "-marionette" "-foreground" "-no-remote" "-profile" "/tmp/rust_mozprofile.67xtfzWlTspO"
1565981033545	Marionette	INFO	Listening on port 42821
1565981033623	Marionette	WARN	TLS certificate errors will be ignored for this session
JavaScript error: chrome://browser/content/content.js, line 1192: TypeError: manifestURI is null
console.warn: LoginRecipes: getRecipes: falling back to a synchronous message for: https://web.whatsapp.com
console.log: Accessibility service init or shutdown observer does not exist.
1565984348475	mozrunner::runner	INFO	Running command: "/usr/bin/firefox" "-marionette" "-foreground" "-no-remote" "-profile" "/tmp/rust_mozprofile.VXNsuKrYuIFd"
1565984364277	Marionette	INFO	Listening on port 36993
1565984364364	Marionette	WARN	TLS certificate errors will be ignored for this session
JavaScript error: chrome://browser/content/content.js, line 1192: TypeError: manifestURI is null
JavaScript error: chrome://browser/content/browser.js, line 7054: TypeError: cannot use the given object as a weak map key
console.log: Accessibility service init or shutdown observer does not exist.
IPDL protocol error: Handler returned error code!

###!!! [Parent][DispatchAsyncMessage] Error: PLayerTransaction::Msg_ReleaseLayer Processing error: message was deserialized, but the handler returned false (indicating failure)

IPDL protocol error: Handler returned error code!

###!!! [Parent][DispatchAsyncMessage] Error: PLayerTransaction::Msg_ReleaseLayer Processing error: message was deserialized, but the handler returned false (indicating failure)

ExceptionHandler::GenerateDump cloned child 6850
ExceptionHandler::SendContinueSignalToChild sent continue signal to child
ExceptionHandler::WaitForContinueSignal waiting for continue signal...
JavaScript error: resource://gre/modules/AsyncShutdown.jsm, line 683: Error: Phase "profile-before-change" is finished, it is too late to register completion condition "CrashService waiting for content crash ping to be sent"
[Parent 6689, Gecko_IOThread] WARNING: pipe error (47): Connection reset by peer: file /build/firefox-esr-5uDrOt/firefox-esr-60.8.0esr/ipc/chromium/src/chrome/common/ipc_channel_posix.cc, line 342

###!!! [Parent][MessageChannel] Error: (msgtype=0x490017,name=PHttpChannel::Msg_DeleteSelf) Channel error: cannot send/recv


###!!! [Parent][MessageChannel] Error: (msgtype=0x490017,name=PHttpChannel::Msg_DeleteSelf) Channel error: cannot send/recv


###!!! [Parent][MessageChannel] Error: (msgtype=0x490017,name=PHttpChannel::Msg_DeleteSelf) Channel error: cannot send/recv


###!!! [Parent][MessageChannel] Error: (msgtype=0x490017,name=PHttpChannel::Msg_DeleteSelf) Channel error: cannot send/recv


###!!! [Parent][MessageChannel] Error: (msgtype=0x490017,name=PHttpChannel::Msg_DeleteSelf) Channel error: cannot send/recv


###!!! [Parent][MessageChannel] Error: (msgtype=0x490017,name=PHttpChannel::Msg_DeleteSelf) Channel error: cannot send/recv


###!!! [Parent][MessageChannel] Error: (msgtype=0x490017,name=PHttpChannel::Msg_DeleteSelf) Channel error: cannot send/recv


###!!! [Parent][MessageChannel] Error: (msgtype=0x490017,name=PHttpChannel::Msg_DeleteSelf) Channel error: cannot send/recv


###!!! [Parent][MessageChannel] Error: (msgtype=0x490017,name=PHttpChannel::Msg_DeleteSelf) Channel error: cannot send/recv


###!!! [Parent][MessageChannel] Error: (msgtype=0x490017,name=PHttpChannel::Msg_DeleteSelf) Channel error: cannot send/recv


###!!! [Parent][MessageChannel] Error: (msgtype=0x490017,name=PHttpChannel::Msg_DeleteSelf) Channel error: cannot send/recv


###!!! [Parent][MessageChannel] Error: (msgtype=0x490017,name=PHttpChannel::Msg_DeleteSelf) Channel error: cannot send/recv

A content process crashed and MOZ_CRASHREPORTER_SHUTDOWN is set, shutting down
*** UTM:SVC TimerManager:registerTimer called after profile-before-change notification. Ignoring timer registration for id: telemetry_modules_ping
1565984574966	mozrunner::runner	INFO	Running command: "/usr/bin/firefox" "-marionette" "-foreground" "-no-remote" "-profile" "/tmp/rust_mozprofile.jmfdeamK9gDn"
1565984581810	Marionette	INFO	Listening on port 44533
1565984581925	Marionette	WARN	TLS certificate errors will be ignored for this session
JavaScript error: chrome://browser/content/content.js, line 1192: TypeError: manifestURI is null
console.warn: LoginRecipes: getRecipes: falling back to a synchronous message for: https://web.whatsapp.com
console.warn: LoginRecipes: getRecipes: falling back to a synchronous message for: https://web.whatsapp.com
console.log: Accessibility service init or shutdown observer does not exist.
1565986621231	mozrunner::runner	INFO	Running command: "/usr/bin/firefox" "-marionette" "-foreground" "-no-remote" "-profile" "/tmp/rust_mozprofile.vFuYDyLfLxcv"
1565986636013	Marionette	INFO	Listening on port 41771
1565986636160	Marionette	WARN	TLS certificate errors will be ignored for this session
JavaScript error: chrome://browser/content/content.js, line 1192: TypeError: manifestURI is null
console.log: Accessibility service init or shutdown observer does not exist.
[Child 8141, Chrome_ChildThread] WARNING: pipe error: Broken pipe: file /build/firefox-esr-5uDrOt/firefox-esr-60.8.0esr/ipc/chromium/src/chrome/common/ipc_channel_posix.cc, line 694
[Child 8141, Chrome_ChildThread] WARNING: pipe error: Broken pipe: file /build/firefox-esr-5uDrOt/firefox-esr-60.8.0esr/ipc/chromium/src/chrome/common/ipc_channel_posix.cc, line 694
1565987332170	mozrunner::runner	INFO	Running command: "/usr/bin/firefox" "-marionette" "-foreground" "-no-remote" "-profile" "/tmp/rust_mozprofile.sVY3o7CA5e15"
1565987346044	Marionette	INFO	Listening on port 44481
1565987346146	Marionette	WARN	TLS certificate errors will be ignored for this session
JavaScript error: chrome://browser/content/content.js, line 1192: TypeError: manifestURI is null
console.warn: LoginRecipes: getRecipes: falling back to a synchronous message for: https://web.whatsapp.com
console.log: Accessibility service init or shutdown observer does not exist.

###!!! [Child][RunMessage] Error: Channel closing: too late to send/recv, messages will be lost

1565988324746	mozrunner::runner	INFO	Running command: "/usr/bin/firefox" "-marionette" "-foreground" "-no-remote" "-profile" "/tmp/rust_mozprofile.lBMCIUgAFDBD"
1565988346525	Marionette	INFO	Listening on port 45093
1565988346703	Marionette	WARN	TLS certificate errors will be ignored for this session
JavaScript error: chrome://browser/content/content.js, line 1192: TypeError: manifestURI is null
console.log: Accessibility service init or shutdown observer does not exist.
1565988966503	mozrunner::runner	INFO	Running command: "/usr/bin/firefox" "-marionette" "-foreground" "-no-remote" "-profile" "/tmp/rust_mozprofile.vfksMZw7Tw8l"
1565988978668	Marionette	INFO	Listening on port 41419
1565988978788	Marionette	WARN	TLS certificate errors will be ignored for this session
JavaScript error: chrome://browser/content/content.js, line 1192: TypeError: manifestURI is null
console.log: Accessibility service init or shutdown observer does not exist.

###!!! [Child][RunMessage] Error: Channel closing: too late to send/recv, messages will be lost


###!!! [Child][RunMessage] Error: Channel closing: too late to send/recv, messages will be lost


###!!! [Child][RunMessage] Error: Channel closing: too late to send/recv, messages will be lost


###!!! [Child][RunMessage] Error: Channel closing: too late to send/recv, messages will be lost


###!!! [Child][RunMessage] Error: Channel closing: too late to send/recv, messages will be lost


###!!! [Child][RunMessage] Error: Channel closing: too late to send/recv, messages will be lost


###!!! [Child][RunMessage] Error: Channel closing: too late to send/recv, messages will be lost


###!!! [Child][RunMessage] Error: Channel closing: too late to send/recv, messages will be lost


###!!! [Child][RunMessage] Error: Channel closing: too late to send/recv, messages will be lost


###!!! [Child][RunMessage] Error: Channel closing: too late to send/recv, messages will be lost


###!!! [Child][RunMessage] Error: Channel closing: too late to send/recv, messages will be lost


###!!! [Child][RunMessage] Error: Channel closing: too late to send/recv, messages will be lost


###!!! [Child][MessageChannel] Error: (msgtype=0x2D00AF,name=PContent::Msg_ScriptError) Channel closing: too late to send/recv, messages will be lost


###!!! [Child][RunMessage] Error: Channel closing: too late to send/recv, messages will be lost


###!!! [Child][MessageChannel] Error: (msgtype=0x900006,name=PWebSocket::Msg_DeleteSelf) Channel closing: too late to send/recv, messages will be lost

1565989055485	mozrunner::runner	INFO	Running command: "/usr/bin/firefox" "-marionette" "-foreground" "-no-remote" "-profile" "/tmp/rust_mozprofile.zFEOUkOBpJVa"
1565989068005	Marionette	INFO	Listening on port 46489
1565989068052	Marionette	WARN	TLS certificate errors will be ignored for this session
JavaScript error: chrome://browser/content/content.js, line 1192: TypeError: manifestURI is null
console.log: Accessibility service init or shutdown observer does not exist.
1565994437029	mozrunner::runner	INFO	Running command: "/usr/bin/firefox" "-marionette" "-foreground" "-no-remote" "-profile" "/tmp/rust_mozprofile.AOo4oBWG1lhP"
1565994451605	Marionette	INFO	Listening on port 44211
1565994451762	Marionette	WARN	TLS certificate errors will be ignored for this session
JavaScript error: chrome://browser/content/content.js, line 1192: TypeError: manifestURI is null
1565994876102	mozrunner::runner	INFO	Running command: "/usr/bin/firefox" "-marionette" "-foreground" "-no-remote" "-profile" "/tmp/rust_mozprofile.zdrD64DiFvQM"
1565994890963	Marionette	INFO	Listening on port 43195
1565994891041	Marionette	WARN	TLS certificate errors will be ignored for this session
console.log: Accessibility service init or shutdown observer does not exist.
*** UTM:SVC TimerManager:registerTimer called after profile-before-change notification. Ignoring timer registration for id: telemetry_modules_ping
console.log: Accessibility service init or shutdown observer does not exist.
1565995276852	mozrunner::runner	INFO	Running command: "/usr/bin/firefox" "-marionette" "-foreground" "-no-remote" "-profile" "/tmp/rust_mozprofile.4k8LdswxOnub"
1565995288803	Marionette	INFO	Listening on port 37957
1565995288924	Marionette	WARN	TLS certificate errors will be ignored for this session
JavaScript error: chrome://browser/content/content.js, line 1192: TypeError: manifestURI is null
1565995397017	mozrunner::runner	INFO	Running command: "/usr/bin/firefox" "-marionette" "-foreground" "-no-remote" "-profile" "/tmp/rust_mozprofile.2adgfHHyHjVu"
console.error: "Could not write session state file " (new Error("_initWorker called too early! Please read the session file from disk first.", "resource:///modules/sessionstore/SessionFile.jsm", 337)) "_initWorker/<@resource:///modules/sessionstore/SessionFile.jsm:337:15\n_initWorker@resource:///modules/sessionstore/SessionFile.jsm:330:12\n_postToWorker@resource:///modules/sessionstore/SessionFile.jsm:354:11\nwrite@resource:///modules/sessionstore/SessionFile.jsm:394:19\nwrite@resource:///modules/sessionstore/SessionFile.jsm:66:12\n_writeState@resource:///modules/sessionstore/SessionSaver.jsm:357:12\n_saveState@resource:///modules/sessionstore/SessionSaver.jsm:295:12\n_saveStateAsync@resource:///modules/sessionstore/SessionSaver.jsm:341:5\nsaveStateAsyncWhenIdle@resource:///modules/sessionstore/SessionSaver.jsm:192:9\n"
1565995411930	Marionette	INFO	Listening on port 42571
1565995412022	Marionette	WARN	TLS certificate errors will be ignored for this session
1565995499794	mozrunner::runner	INFO	Running command: "/usr/bin/firefox" "-marionette" "-foreground" "-no-remote" "-profile" "/tmp/rust_mozprofile.Z7QEV9hzgffI"
1565995514948	Marionette	INFO	Listening on port 37667
1565995514984	Marionette	WARN	TLS certificate errors will be ignored for this session
console.log: Accessibility service init or shutdown observer does not exist.
console.log: Accessibility service init or shutdown observer does not exist.
*** UTM:SVC TimerManager:registerTimer called after profile-before-change notification. Ignoring timer registration for id: telemetry_modules_ping
console.log: Accessibility service init or shutdown observer does not exist.
1565996074708	mozrunner::runner	INFO	Running command: "/usr/bin/firefox" "-marionette" "-foreground" "-no-remote" "-profile" "/tmp/rust_mozprofile.TmYh6DRmok6R"
1565996086365	Marionette	INFO	Listening on port 40321
1565996086485	Marionette	WARN	TLS certificate errors will be ignored for this session
console.log: Accessibility service init or shutdown observer does not exist.
1565996208068	mozrunner::runner	INFO	Running command: "/usr/bin/firefox" "-marionette" "-foreground" "-no-remote" "-profile" "/tmp/rust_mozprofile.uttApOaUQ8wT"
1565996219121	Marionette	INFO	Listening on port 40687
1565996219275	Marionette	WARN	TLS certificate errors will be ignored for this session
JavaScript error: chrome://browser/content/content.js, line 1192: TypeError: manifestURI is null
console.log: Accessibility service init or shutdown observer does not exist.
1565996577201	mozrunner::runner	INFO	Running command: "/usr/bin/firefox" "-marionette" "-foreground" "-no-remote" "-profile" "/tmp/rust_mozprofile.GJZluJvObPxx"
1565996587882	Marionette	INFO	Listening on port 36235
1565996588022	Marionette	WARN	TLS certificate errors will be ignored for this session
JavaScript error: chrome://browser/content/content.js, line 1192: TypeError: manifestURI is null
console.log: Accessibility service init or shutdown observer does not exist.
[Parent 16339, Gecko_IOThread] WARNING: pipe error (47): Connection reset by peer: file /build/firefox-esr-5uDrOt/firefox-esr-60.8.0esr/ipc/chromium/src/chrome/common/ipc_channel_posix.cc, line 342
1565996988087	mozrunner::runner	INFO	Running command: "/usr/bin/firefox" "-marionette" "-foreground" "-no-remote" "-profile" "/tmp/rust_mozprofile.jzk45rY5nKjw"
1565997000030	Marionette	INFO	Listening on port 43073
1565997000130	Marionette	WARN	TLS certificate errors will be ignored for this session
JavaScript error: chrome://browser/content/content.js, line 1192: TypeError: manifestURI is null
console.log: Accessibility service init or shutdown observer does not exist.
1565997292083	mozrunner::runner	INFO	Running command: "/usr/bin/firefox" "-marionette" "-foreground" "-no-remote" "-profile" "/tmp/rust_mozprofile.4tHVUUSTcUaT"
1565997304763	Marionette	INFO	Listening on port 41311
1565997304911	Marionette	WARN	TLS certificate errors will be ignored for this session
JavaScript error: chrome://browser/content/content.js, line 1192: TypeError: manifestURI is null
console.log: Accessibility service init or shutdown observer does not exist.
1565997487715	mozrunner::runner	INFO	Running command: "/usr/bin/firefox" "-marionette" "-foreground" "-no-remote" "-profile" "/tmp/rust_mozprofile.SHylEuawuEDK"
1565997497944	Marionette	INFO	Listening on port 33491
1565997497988	Marionette	WARN	TLS certificate errors will be ignored for this session
JavaScript error: chrome://browser/content/content.js, line 1192: TypeError: manifestURI is null
console.log: Accessibility service init or shutdown observer does not exist.
1565998986281	mozrunner::runner	INFO	Running command: "/usr/bin/firefox" "-marionette" "-foreground" "-no-remote" "-profile" "/tmp/rust_mozprofile.hqb1lATDcbCk"
1565998999065	Marionette	INFO	Listening on port 39365
1565998999153	Marionette	WARN	TLS certificate errors will be ignored for this session
JavaScript error: chrome://browser/content/content.js, line 1192: TypeError: manifestURI is null
console.log: Accessibility service init or shutdown observer does not exist.
1566000333185	mozrunner::runner	INFO	Running command: "/usr/bin/firefox" "-marionette" "-foreground" "-no-remote" "-profile" "/tmp/rust_mozprofile.5GKAfPBbDlMH"
1566000347057	Marionette	INFO	Listening on port 37361
1566000347204	Marionette	WARN	TLS certificate errors will be ignored for this session
JavaScript error: chrome://browser/content/content.js, line 1192: TypeError: manifestURI is null
1566000673909	mozrunner::runner	INFO	Running command: "/usr/bin/firefox" "-marionette" "-foreground" "-no-remote" "-profile" "/tmp/rust_mozprofile.OEss9qLB2gkN"
console.log: Accessibility service init or shutdown observer does not exist.
1566000689787	Marionette	INFO	Listening on port 41287
1566000689892	Marionette	WARN	TLS certificate errors will be ignored for this session
JavaScript error: chrome://browser/content/content.js, line 1192: TypeError: manifestURI is null
console.log: Accessibility service init or shutdown observer does not exist.
1566001837745	mozrunner::runner	INFO	Running command: "/usr/bin/firefox" "-marionette" "-foreground" "-no-remote" "-profile" "/tmp/rust_mozprofile.uiIebWcFlnc4"
1566001852369	Marionette	INFO	Listening on port 33801
1566001852453	Marionette	WARN	TLS certificate errors will be ignored for this session
JavaScript error: chrome://browser/content/content.js, line 1192: TypeError: manifestURI is null
console.log: Accessibility service init or shutdown observer does not exist.
1566002351405	mozrunner::runner	INFO	Running command: "/usr/bin/firefox" "-marionette" "-foreground" "-no-remote" "-profile" "/tmp/rust_mozprofile.DXE0AP3jHB75"
1566002367684	Marionette	INFO	Listening on port 38983
1566002367902	Marionette	WARN	TLS certificate errors will be ignored for this session
JavaScript error: chrome://browser/content/content.js, line 1192: TypeError: manifestURI is null
console.log: Accessibility service init or shutdown observer does not exist.
1566003616922	mozrunner::runner	INFO	Running command: "/usr/bin/firefox" "-marionette" "-foreground" "-no-remote" "-profile" "/tmp/rust_mozprofile.sIqfOtd1rCfX"
1566003629066	Marionette	INFO	Listening on port 46321
1566003629128	Marionette	WARN	TLS certificate errors will be ignored for this session
JavaScript error: chrome://browser/content/content.js, line 1192: TypeError: manifestURI is null
console.log: Accessibility service init or shutdown observer does not exist.
1566004456647	mozrunner::runner	INFO	Running command: "/usr/bin/firefox" "-marionette" "-foreground" "-no-remote" "-profile" "/tmp/rust_mozprofile.zmDqkqanEqgk"
1566004472101	Marionette	INFO	Listening on port 44273
1566004472171	Marionette	WARN	TLS certificate errors will be ignored for this session
JavaScript error: chrome://browser/content/content.js, line 1192: TypeError: manifestURI is null
1566004750341	mozrunner::runner	INFO	Running command: "/usr/bin/firefox" "-marionette" "-foreground" "-no-remote" "-profile" "/tmp/rust_mozprofile.zDSkr6GUE6Hh"
console.log: Accessibility service init or shutdown observer does not exist.
1566004764377	Marionette	INFO	Listening on port 42143
1566004764439	Marionette	WARN	TLS certificate errors will be ignored for this session
JavaScript error: chrome://browser/content/content.js, line 1192: TypeError: manifestURI is null
console.log: Accessibility service init or shutdown observer does not exist.

###!!! [Child][RunMessage] Error: Channel closing: too late to send/recv, messages will be lost

1566005072029	mozrunner::runner	INFO	Running command: "/usr/bin/firefox" "-marionette" "-foreground" "-no-remote" "-profile" "/tmp/rust_mozprofile.5kRMlhH8Ka7n"
1566005086430	Marionette	INFO	Listening on port 40631
1566005086552	Marionette	WARN	TLS certificate errors will be ignored for this session
JavaScript error: chrome://browser/content/content.js, line 1192: TypeError: manifestURI is null
console.log: Accessibility service init or shutdown observer does not exist.
1566005704068	mozrunner::runner	INFO	Running command: "/usr/bin/firefox" "-marionette" "-foreground" "-no-remote" "-profile" "/tmp/rust_mozprofile.D2B33R0VWjqu"
1566005715924	Marionette	INFO	Listening on port 45609
1566005716037	Marionette	WARN	TLS certificate errors will be ignored for this session
JavaScript error: chrome://browser/content/content.js, line 1192: TypeError: manifestURI is null
1566006151304	mozrunner::runner	INFO	Running command: "/usr/bin/firefox" "-marionette" "-foreground" "-no-remote" "-profile" "/tmp/rust_mozprofile.oNTbzjT5GMdF"
console.log: Accessibility service init or shutdown observer does not exist.
[Parent 22896, Gecko_IOThread] WARNING: pipe error (53): Connection reset by peer: file /build/firefox-esr-5uDrOt/firefox-esr-60.8.0esr/ipc/chromium/src/chrome/common/ipc_channel_posix.cc, line 342
1566006168541	Marionette	INFO	Listening on port 45237
1566006168692	Marionette	WARN	TLS certificate errors will be ignored for this session
JavaScript error: chrome://browser/content/content.js, line 1192: TypeError: manifestURI is null
console.log: Accessibility service init or shutdown observer does not exist.
1566006579953	mozrunner::runner	INFO	Running command: "/usr/bin/firefox" "-marionette" "-foreground" "-no-remote" "-profile" "/tmp/rust_mozprofile.C0ZVv74Z9DhK"
1566006594463	Marionette	INFO	Listening on port 43153
1566006594785	Marionette	WARN	TLS certificate errors will be ignored for this session
JavaScript error: chrome://browser/content/content.js, line 1192: TypeError: manifestURI is null
console.log: Accessibility service init or shutdown observer does not exist.
1566044106854	mozrunner::runner	INFO	Running command: "/usr/bin/firefox" "-marionette" "-foreground" "-no-remote" "-profile" "/tmp/rust_mozprofile.4QVAxAlcTtoZ"
1566044118591	Marionette	INFO	Listening on port 33977
1566044118667	Marionette	WARN	TLS certificate errors will be ignored for this session
JavaScript error: chrome://browser/content/content.js, line 1192: TypeError: manifestURI is null
console.warn: LoginRecipes: getRecipes: falling back to a synchronous message for: https://web.whatsapp.com
JavaScript error: chrome://browser/content/browser.js, line 7054: TypeError: cannot use the given object as a weak map key
console.log: Accessibility service init or shutdown observer does not exist.
IPDL protocol error: Handler returned error code!

###!!! [Parent][DispatchAsyncMessage] Error: PLayerTransaction::Msg_ReleaseLayer Processing error: message was deserialized, but the handler returned false (indicating failure)

IPDL protocol error: Handler returned error code!

###!!! [Parent][DispatchAsyncMessage] Error: PLayerTransaction::Msg_ReleaseLayer Processing error: message was deserialized, but the handler returned false (indicating failure)

IPDL protocol error: Handler returned error code!

###!!! [Parent][DispatchAsyncMessage] Error: PLayerTransaction::Msg_ReleaseLayer Processing error: message was deserialized, but the handler returned false (indicating failure)

IPDL protocol error: Handler returned error code!

###!!! [Parent][DispatchAsyncMessage] Error: PLayerTransaction::Msg_ReleaseLayer Processing error: message was deserialized, but the handler returned false (indicating failure)

IPDL protocol error: Handler returned error code!

###!!! [Parent][DispatchAsyncMessage] Error: PLayerTransaction::Msg_ReleaseLayer Processing error: message was deserialized, but the handler returned false (indicating failure)

IPDL protocol error: Handler returned error code!

###!!! [Parent][DispatchAsyncMessage] Error: PLayerTransaction::Msg_ReleaseLayer Processing error: message was deserialized, but the handler returned false (indicating failure)

IPDL protocol error: Handler returned error code!

###!!! [Parent][DispatchAsyncMessage] Error: PLayerTransaction::Msg_ReleaseLayer Processing error: message was deserialized, but the handler returned false (indicating failure)

IPDL protocol error: Handler returned error code!

###!!! [Parent][DispatchAsyncMessage] Error: PLayerTransaction::Msg_ReleaseLayer Processing error: message was deserialized, but the handler returned false (indicating failure)

IPDL protocol error: Handler returned error code!

###!!! [Parent][DispatchAsyncMessage] Error: PLayerTransaction::Msg_ReleaseLayer Processing error: message was deserialized, but the handler returned false (indicating failure)

[Parent 1805, Gecko_IOThread] WARNING: pipe error (47): Connection reset by peer: file /build/firefox-esr-5uDrOt/firefox-esr-60.8.0esr/ipc/chromium/src/chrome/common/ipc_channel_posix.cc, line 342
1566045096465	mozrunner::runner	INFO	Running command: "/usr/bin/firefox" "-marionette" "-foreground" "-no-remote" "-profile" "/tmp/rust_mozprofile.dPOMtWMQrfx3"
1566045108377	Marionette	INFO	Listening on port 42951
1566045108439	Marionette	WARN	TLS certificate errors will be ignored for this session
JavaScript error: chrome://browser/content/content.js, line 1192: TypeError: manifestURI is null
console.log: Accessibility service init or shutdown observer does not exist.
1566048404189	mozrunner::runner	INFO	Running command: "/usr/bin/firefox" "-marionette" "-foreground" "-no-remote" "-profile" "/tmp/rust_mozprofile.yRhmL151JpRQ"
1566048415284	Marionette	INFO	Listening on port 38957
1566048415356	Marionette	WARN	TLS certificate errors will be ignored for this session
JavaScript error: chrome://browser/content/content.js, line 1192: TypeError: manifestURI is null
console.log: Accessibility service init or shutdown observer does not exist.
1566048921796	mozrunner::runner	INFO	Running command: "/usr/bin/firefox" "-marionette" "-foreground" "-no-remote" "-profile" "/tmp/rust_mozprofile.SM2KIlybwUEs"
1566048933804	Marionette	INFO	Listening on port 42853
1566048933925	Marionette	WARN	TLS certificate errors will be ignored for this session
JavaScript error: chrome://browser/content/content.js, line 1192: TypeError: manifestURI is null
console.log: Accessibility service init or shutdown observer does not exist.
1566049641163	mozrunner::runner	INFO	Running command: "/usr/bin/firefox" "-marionette" "-foreground" "-no-remote" "-profile" "/tmp/rust_mozprofile.wlxqP63Pq9Ue"
1566049652287	Marionette	INFO	Listening on port 39579
1566049652331	Marionette	WARN	TLS certificate errors will be ignored for this session
JavaScript error: chrome://browser/content/content.js, line 1192: TypeError: manifestURI is null
console.log: Accessibility service init or shutdown observer does not exist.
1566049969785	mozrunner::runner	INFO	Running command: "/usr/bin/firefox" "-marionette" "-foreground" "-no-remote" "-profile" "/tmp/rust_mozprofile.lMVqDHj2UtOh"
1566049983480	Marionette	INFO	Listening on port 40787
1566049983564	Marionette	WARN	TLS certificate errors will be ignored for this session
JavaScript error: chrome://browser/content/content.js, line 1192: TypeError: manifestURI is null
console.log: Accessibility service init or shutdown observer does not exist.
[Parent 5926, Gecko_IOThread] WARNING: pipe error (53): Connection reset by peer: file /build/firefox-esr-5uDrOt/firefox-esr-60.8.0esr/ipc/chromium/src/chrome/common/ipc_channel_posix.cc, line 342
1566050444173	mozrunner::runner	INFO	Running command: "/usr/bin/firefox" "-marionette" "-foreground" "-no-remote" "-profile" "/tmp/rust_mozprofile.iagsxGGCdLdz"
1566050455099	Marionette	INFO	Listening on port 35121
1566050455165	Marionette	WARN	TLS certificate errors will be ignored for this session
JavaScript error: chrome://browser/content/content.js, line 1192: TypeError: manifestURI is null
console.log: Accessibility service init or shutdown observer does not exist.

###!!! [Child][RunMessage] Error: Channel closing: too late to send/recv, messages will be lost

1566051006236	mozrunner::runner	INFO	Running command: "/usr/bin/firefox" "-marionette" "-foreground" "-no-remote" "-profile" "/tmp/rust_mozprofile.bboTRUvCth7c"
1566051022177	Marionette	INFO	Listening on port 45807
1566051022228	Marionette	WARN	TLS certificate errors will be ignored for this session
JavaScript error: chrome://browser/content/content.js, line 1192: TypeError: manifestURI is null
console.log: Accessibility service init or shutdown observer does not exist.
1566051344408	mozrunner::runner	INFO	Running command: "/usr/bin/firefox" "-marionette" "-foreground" "-no-remote" "-profile" "/tmp/rust_mozprofile.0R2O7zwLq1Is"
1566051358050	Marionette	INFO	Listening on port 35665
1566051358114	Marionette	WARN	TLS certificate errors will be ignored for this session
JavaScript error: chrome://browser/content/content.js, line 1192: TypeError: manifestURI is null
console.log: Accessibility service init or shutdown observer does not exist.
1566052925889	mozrunner::runner	INFO	Running command: "/usr/bin/firefox" "-marionette" "-foreground" "-no-remote" "-profile" "/tmp/rust_mozprofile.aZG0pMNj3wUe"
1566052937585	Marionette	INFO	Listening on port 44955
1566052937668	Marionette	WARN	TLS certificate errors will be ignored for this session
JavaScript error: chrome://browser/content/content.js, line 1192: TypeError: manifestURI is null
console.warn: LoginRecipes: getRecipes: falling back to a synchronous message for: https://web.whatsapp.com
1566053489354	mozrunner::runner	INFO	Running command: "/usr/bin/firefox" "-marionette" "-foreground" "-no-remote" "-profile" "/tmp/rust_mozprofile.L5rrOXmNilqS"
1566053502081	Marionette	INFO	Listening on port 35963
1566053502230	Marionette	WARN	TLS certificate errors will be ignored for this session
JavaScript error: chrome://browser/content/content.js, line 1192: TypeError: manifestURI is null
console.log: Accessibility service init or shutdown observer does not exist.
console.log: Accessibility service init or shutdown observer does not exist.
1566053847940	mozrunner::runner	INFO	Running command: "/usr/bin/firefox" "-marionette" "-foreground" "-no-remote" "-profile" "/tmp/rust_mozprofile.rmpIOj3az1yw"
1566053864700	Marionette	INFO	Listening on port 34175
1566053864739	Marionette	WARN	TLS certificate errors will be ignored for this session
JavaScript error: chrome://browser/content/content.js, line 1192: TypeError: manifestURI is null
console.log: Accessibility service init or shutdown observer does not exist.
1566054201024	mozrunner::runner	INFO	Running command: "/usr/bin/firefox" "-marionette" "-foreground" "-no-remote" "-profile" "/tmp/rust_mozprofile.21NcuT4maczT"
1566054213505	Marionette	INFO	Listening on port 39467
1566054213588	Marionette	WARN	TLS certificate errors will be ignored for this session
JavaScript error: chrome://browser/content/content.js, line 1192: TypeError: manifestURI is null
console.log: Accessibility service init or shutdown observer does not exist.
1566054397379	mozrunner::runner	INFO	Running command: "/usr/bin/firefox" "-marionette" "-foreground" "-no-remote" "-profile" "/tmp/rust_mozprofile.9C0oQSaOn9Rs"
1566054411810	Marionette	INFO	Listening on port 41373
1566054412050	Marionette	WARN	TLS certificate errors will be ignored for this session
JavaScript error: chrome://browser/content/content.js, line 1192: TypeError: manifestURI is null
console.log: Accessibility service init or shutdown observer does not exist.
1566054635478	mozrunner::runner	INFO	Running command: "/usr/bin/firefox" "-marionette" "-foreground" "-no-remote" "-profile" "/tmp/rust_mozprofile.VknU9L1QuLsx"
1566054648720	Marionette	INFO	Listening on port 45747
1566054648752	Marionette	WARN	TLS certificate errors will be ignored for this session
JavaScript error: chrome://browser/content/content.js, line 1192: TypeError: manifestURI is null
console.log: Accessibility service init or shutdown observer does not exist.
1566054857475	mozrunner::runner	INFO	Running command: "/usr/bin/firefox" "-marionette" "-foreground" "-no-remote" "-profile" "/tmp/rust_mozprofile.i8qM4fETz8Qe"
1566054870875	Marionette	INFO	Listening on port 36797
1566054871108	Marionette	WARN	TLS certificate errors will be ignored for this session
JavaScript error: chrome://browser/content/content.js, line 1192: TypeError: manifestURI is null
console.log: Accessibility service init or shutdown observer does not exist.
1566055494203	mozrunner::runner	INFO	Running command: "/usr/bin/firefox" "-marionette" "-foreground" "-no-remote" "-profile" "/tmp/rust_mozprofile.wXhme1HvaCE1"
1566055505812	Marionette	INFO	Listening on port 44221
1566055505881	Marionette	WARN	TLS certificate errors will be ignored for this session
JavaScript error: chrome://browser/content/content.js, line 1192: TypeError: manifestURI is null
console.log: Accessibility service init or shutdown observer does not exist.
